#
# A fatal error has been detected by the Java Runtime Environment:
#
#  SIGSEGV (0xb) at pc=0x000000010a16311a, pid=22039, tid=0x0000000000006b0b
#
# JRE version: OpenJDK Runtime Environment (8.0_302) (build 1.8.0_302-bre_2021_08_14_21_34-b00)
# Java VM: OpenJDK 64-Bit Server VM (25.302-b00 mixed mode bsd-amd64 compressed oops)
# Problematic frame:
# V  [libjvm.dylib+0x54611a]  Unsafe_SetByte+0x61
#
# Failed to write core dump. Core dumps have been disabled. To enable core dumping, try "ulimit -c unlimited" before starting Java again
#
# If you would like to submit a bug report, please visit:
#   https://github.com/Homebrew/homebrew-core/issues
#

---------------  T H R E A D  ---------------

Current thread (0x00007fd7b18ee000):  JavaThread "nioEventLoopGroup-4-1" [_thread_in_vm, id=27403, stack(0x000070000f16a000,0x000070000f26a000)]

siginfo: si_signo: 11 (SIGSEGV), si_code: 1 (SEGV_MAPERR), si_addr: 0x0000000000000000

Registers:
RAX=0x000000010a2f8f50, RBX=0x00007fd7b18ee000, RCX=0x00007fd766500004, RDX=0x0000000000000000
RSP=0x000070000f268420, RBP=0x000070000f268450, RSI=0x0000000000000006, RDI=0x000070000f268420
R8 =0x000000000000002f, R9 =0x00000000ffffffe0, R10=0x00000001150183db, R11=0x000000010a0e3a77
R12=0x0000000000000000, R13=0x000000010bd2ae68, R14=0x000000000000002f, R15=0x00007fd766500004
RIP=0x000000010a16311a, EFLAGS=0x0000000000010246, ERR=0x0000000000000004
  TRAPNO=0x000000000000000e

Top of Stack: (sp=0x000070000f268420)
0x000070000f268420:   00007fd7b18ee000 00007fd7b18ee000
0x000070000f268430:   000000010bd2ae68 0000000000000000
0x000070000f268440:   000070000f268508 00007fd7b18ee000
0x000070000f268450:   000070000f2684c8 0000000115018407
0x000070000f268460:   000000010bd2ae68 000070000f268508
0x000070000f268470:   000070000f2684c8 0000000115018167
0x000070000f268480:   0000000115018122 000070000f268488
0x000070000f268490:   000000010bd2ae68 000070000f268508
0x000070000f2684a0:   000000010bd5ab10 0000000000000000
0x000070000f2684b0:   000000010bd2ae68 0000000000000000
0x000070000f2684c0:   000070000f2684e8 000070000f268550
0x000070000f2684d0:   0000000115007ffd 0000000000000000
0x000070000f2684e0:   0000000115011a58 000000000000002f
0x000070000f2684f0:   00007fd766500004 00000001150134f9
0x000070000f268500:   0000000000000000 00000007a00046d0
0x000070000f268510:   000070000f268510 00000001263ec3e6
0x000070000f268520:   000070000f268578 00000001263ef060
0x000070000f268530:   0000000000000000 00000001263ec418
0x000070000f268540:   000070000f2684e8 000070000f268560
0x000070000f268550:   000070000f2685c0 0000000115007ffd
0x000070000f268560:   000000000000002f 00007fd766500004
0x000070000f268570:   0000000000000000 0000000000000000
0x000070000f268580:   000070000f268580 00000001263a2543
0x000070000f268590:   000070000f2685e8 00000001263dcc28
0x000070000f2685a0:   0000000000000000 00000001263a2578
0x000070000f2685b0:   000070000f268560 000070000f2685d0
0x000070000f2685c0:   000070000f268630 0000000115007ffd
0x000070000f2685d0:   000000000000002f 00007fd766500004
0x000070000f2685e0:   0000000000000000 0000000000000000
0x000070000f2685f0:   000070000f2685f0 0000000126af02c1
0x000070000f268600:   000070000f2686b0 0000000126af4c70
0x000070000f268610:   0000000000000000 0000000126af04e8 

Instructions: (pc=0x000000010a16311a)
0x000000010a1630fa:   81 fe ff 31 db 48 8d 7d d0 48 89 1f be 06 00 00
0x000000010a16310a:   00 e8 e0 25 df ff 48 89 5d d8 41 f6 c4 01 75 06
0x000000010a16311a:   49 8b 04 24 eb 08 4c 89 e7 e8 2c 11 de ff 46 88
0x000000010a16312a:   34 38 48 8d 7d d8 e8 23 10 be ff 48 8d 7d d0 be 

Register to memory mapping:

RAX=0x000000010a2f8f50: _ZN20SafepointSynchronize6_stateE+0 in /usr/local/Cellar/openjdk@8/1.8.0+302/libexec/openjdk.jdk/Contents/Home/jre/lib/server/libjvm.dylib at 0x0000000109c1d000
RBX=0x00007fd7b18ee000 is a thread
RCX=0x00007fd766500004 is an unknown value
RDX=0x0000000000000000 is an unknown value
RSP=0x000070000f268420 is pointing into the stack for thread: 0x00007fd7b18ee000
RBP=0x000070000f268450 is pointing into the stack for thread: 0x00007fd7b18ee000
RSI=0x0000000000000006 is an unknown value
RDI=0x000070000f268420 is pointing into the stack for thread: 0x00007fd7b18ee000
R8 =0x000000000000002f is an unknown value
R9 =0x00000000ffffffe0 is an unknown value
R10=0x00000001150183db is at code_begin+859 in an Interpreter codelet
method entry point (kind = native)  [0x0000000115018080, 0x0000000115018a00]  2432 bytes
R11=0x000000010a0e3a77: throw_unsatisfied_link_error+0 in /usr/local/Cellar/openjdk@8/1.8.0+302/libexec/openjdk.jdk/Contents/Home/jre/lib/server/libjvm.dylib at 0x0000000109c1d000
R12=0x0000000000000000 is an unknown value
R13={method} {0x000000010bd2ae68} 'putByte' '(Ljava/lang/Object;JB)V' in 'sun/misc/Unsafe'
R14=0x000000000000002f is an unknown value
R15=0x00007fd766500004 is an unknown value


Stack: [0x000070000f16a000,0x000070000f26a000],  sp=0x000070000f268420,  free space=1017k
Native frames: (J=compiled Java code, j=interpreted, Vv=VM code, C=native code)
V  [libjvm.dylib+0x54611a]  Unsafe_SetByte+0x61
j  sun.misc.Unsafe.putByte(Ljava/lang/Object;JB)V+0
j  io.netty.util.internal.PlatformDependent0.putByte(Ljava/lang/Object;JB)V+6
j  io.netty.util.internal.PlatformDependent.putByte(Ljava/lang/Object;JB)V+3
j  io.netty.buffer.ByteBufUtil.unsafeWriteUtf8([BJILjava/lang/CharSequence;II)I+73
j  io.netty.buffer.ByteBufUtil.writeUtf8(Lio/netty/buffer/AbstractByteBuf;IILjava/lang/CharSequence;II)I+79
j  io.netty.buffer.ByteBufUtil.writeUtf8(Lio/netty/buffer/AbstractByteBuf;IILjava/lang/CharSequence;I)I+7
j  io.netty.buffer.AbstractByteBuf.setCharSequence0(ILjava/lang/CharSequence;Ljava/nio/charset/Charset;Z)I+55
j  io.netty.buffer.AbstractByteBuf.writeCharSequence(Ljava/lang/CharSequence;Ljava/nio/charset/Charset;)I+8
j  io.netty.handler.codec.http.HttpRequestEncoder.encodeInitialLine(Lio/netty/buffer/ByteBuf;Lio/netty/handler/codec/http/HttpRequest;)V+144
j  io.netty.handler.codec.http.HttpRequestEncoder.encodeInitialLine(Lio/netty/buffer/ByteBuf;Lio/netty/handler/codec/http/HttpMessage;)V+6
j  io.netty.handler.codec.http.HttpObjectEncoder.encode(Lio/netty/channel/ChannelHandlerContext;Ljava/lang/Object;Ljava/util/List;)V+88
j  io.netty.handler.codec.http.HttpClientCodec$Encoder.encode(Lio/netty/channel/ChannelHandlerContext;Ljava/lang/Object;Ljava/util/List;)V+52
j  io.netty.handler.codec.MessageToMessageEncoder.write(Lio/netty/channel/ChannelHandlerContext;Ljava/lang/Object;Lio/netty/channel/ChannelPromise;)V+25
j  io.netty.channel.CombinedChannelDuplexHandler.write(Lio/netty/channel/ChannelHandlerContext;Ljava/lang/Object;Lio/netty/channel/ChannelPromise;)V+45
j  io.netty.channel.AbstractChannelHandlerContext.invokeWrite0(Ljava/lang/Object;Lio/netty/channel/ChannelPromise;)V+10
j  io.netty.channel.AbstractChannelHandlerContext.invokeWrite(Ljava/lang/Object;Lio/netty/channel/ChannelPromise;)V+10
j  io.netty.channel.AbstractChannelHandlerContext.write(Ljava/lang/Object;ZLio/netty/channel/ChannelPromise;)V+101
j  io.netty.channel.AbstractChannelHandlerContext.write(Ljava/lang/Object;Lio/netty/channel/ChannelPromise;)Lio/netty/channel/ChannelFuture;+4
j  io.netty.channel.CombinedChannelDuplexHandler$DelegatingChannelHandlerContext.write(Ljava/lang/Object;Lio/netty/channel/ChannelPromise;)Lio/netty/channel/ChannelFuture;+6
j  io.netty.handler.codec.MessageToMessageEncoder.write(Lio/netty/channel/ChannelHandlerContext;Ljava/lang/Object;Lio/netty/channel/ChannelPromise;)V+125
j  io.netty.channel.CombinedChannelDuplexHandler.write(Lio/netty/channel/ChannelHandlerContext;Ljava/lang/Object;Lio/netty/channel/ChannelPromise;)V+45
j  io.netty.channel.AbstractChannelHandlerContext.invokeWrite0(Ljava/lang/Object;Lio/netty/channel/ChannelPromise;)V+10
j  io.netty.channel.AbstractChannelHandlerContext.invokeWriteAndFlush(Ljava/lang/Object;Lio/netty/channel/ChannelPromise;)V+10
j  io.netty.channel.AbstractChannelHandlerContext.write(Ljava/lang/Object;ZLio/netty/channel/ChannelPromise;)V+90
j  io.netty.channel.AbstractChannelHandlerContext.writeAndFlush(Ljava/lang/Object;Lio/netty/channel/ChannelPromise;)Lio/netty/channel/ChannelFuture;+4
j  io.netty.channel.AbstractChannelHandlerContext.writeAndFlush(Ljava/lang/Object;)Lio/netty/channel/ChannelFuture;+6
j  io.netty.channel.DefaultChannelPipeline.writeAndFlush(Ljava/lang/Object;)Lio/netty/channel/ChannelFuture;+5
j  io.netty.channel.AbstractChannel.writeAndFlush(Ljava/lang/Object;)Lio/netty/channel/ChannelFuture;+5
j  org.mockserver.client.netty.NettyHttpClient$1.operationComplete(Lio/netty/channel/ChannelFuture;)V+19
j  org.mockserver.client.netty.NettyHttpClient$1.operationComplete(Lio/netty/util/concurrent/Future;)V+5
j  io.netty.util.concurrent.DefaultPromise.notifyListener0(Lio/netty/util/concurrent/Future;Lio/netty/util/concurrent/GenericFutureListener;)V+2
j  io.netty.util.concurrent.DefaultPromise.notifyListeners0(Lio/netty/util/concurrent/DefaultFutureListeners;)V+24
j  io.netty.util.concurrent.DefaultPromise.notifyListenersNow()V+58
j  io.netty.util.concurrent.DefaultPromise.notifyListeners()V+38
j  io.netty.util.concurrent.DefaultPromise.setValue0(Ljava/lang/Object;)Z+34
j  io.netty.util.concurrent.DefaultPromise.setSuccess0(Ljava/lang/Object;)Z+12
j  io.netty.util.concurrent.DefaultPromise.trySuccess(Ljava/lang/Object;)Z+2
j  io.netty.channel.DefaultChannelPromise.trySuccess()Z+2
j  io.netty.channel.nio.AbstractNioChannel$AbstractNioUnsafe.fulfillConnectPromise(Lio/netty/channel/ChannelPromise;Z)V+14
j  io.netty.channel.nio.AbstractNioChannel$AbstractNioUnsafe.finishConnect()V+51
j  io.netty.channel.nio.NioEventLoop.processSelectedKey(Ljava/nio/channels/SelectionKey;Lio/netty/channel/nio/AbstractNioChannel;)V+78
j  io.netty.channel.nio.NioEventLoop.processSelectedKeysOptimized()V+51
j  io.netty.channel.nio.NioEventLoop.processSelectedKeys()V+8
j  io.netty.channel.nio.NioEventLoop.run()V+263
j  io.netty.util.concurrent.SingleThreadEventExecutor$4.run()V+44
j  io.netty.util.internal.ThreadExecutorMap$2.run()V+11
j  io.netty.util.concurrent.FastThreadLocalRunnable.run()V+4
j  java.lang.Thread.run()V+11
v  ~StubRoutines::call_stub
V  [libjvm.dylib+0x2c55d4]  JavaCalls::call_helper(JavaValue*, methodHandle*, JavaCallArguments*, Thread*)+0x6a4
V  [libjvm.dylib+0x2c4465]  JavaCalls::call_virtual(JavaValue*, KlassHandle, Symbol*, Symbol*, JavaCallArguments*, Thread*)+0x119
V  [libjvm.dylib+0x2c4651]  JavaCalls::call_virtual(JavaValue*, Handle, KlassHandle, Symbol*, Symbol*, Thread*)+0x57
V  [libjvm.dylib+0x333836]  thread_entry(JavaThread*, Thread*)+0x78
V  [libjvm.dylib+0x52e836]  JavaThread::thread_main_inner()+0x82
V  [libjvm.dylib+0x52e6fb]  JavaThread::run()+0x169
V  [libjvm.dylib+0x466a1a]  java_start(Thread*)+0xf1
C  [libsystem_pthread.dylib+0x68fc]  _pthread_start+0xe0
C  [libsystem_pthread.dylib+0x2443]  thread_start+0xf
C  0x0000000000000000

Java frames: (J=compiled Java code, j=interpreted, Vv=VM code)
j  sun.misc.Unsafe.putByte(Ljava/lang/Object;JB)V+0
j  io.netty.util.internal.PlatformDependent0.putByte(Ljava/lang/Object;JB)V+6
j  io.netty.util.internal.PlatformDependent.putByte(Ljava/lang/Object;JB)V+3
j  io.netty.buffer.ByteBufUtil.unsafeWriteUtf8([BJILjava/lang/CharSequence;II)I+73
j  io.netty.buffer.ByteBufUtil.writeUtf8(Lio/netty/buffer/AbstractByteBuf;IILjava/lang/CharSequence;II)I+79
j  io.netty.buffer.ByteBufUtil.writeUtf8(Lio/netty/buffer/AbstractByteBuf;IILjava/lang/CharSequence;I)I+7
j  io.netty.buffer.AbstractByteBuf.setCharSequence0(ILjava/lang/CharSequence;Ljava/nio/charset/Charset;Z)I+55
j  io.netty.buffer.AbstractByteBuf.writeCharSequence(Ljava/lang/CharSequence;Ljava/nio/charset/Charset;)I+8
j  io.netty.handler.codec.http.HttpRequestEncoder.encodeInitialLine(Lio/netty/buffer/ByteBuf;Lio/netty/handler/codec/http/HttpRequest;)V+144
j  io.netty.handler.codec.http.HttpRequestEncoder.encodeInitialLine(Lio/netty/buffer/ByteBuf;Lio/netty/handler/codec/http/HttpMessage;)V+6
j  io.netty.handler.codec.http.HttpObjectEncoder.encode(Lio/netty/channel/ChannelHandlerContext;Ljava/lang/Object;Ljava/util/List;)V+88
j  io.netty.handler.codec.http.HttpClientCodec$Encoder.encode(Lio/netty/channel/ChannelHandlerContext;Ljava/lang/Object;Ljava/util/List;)V+52
j  io.netty.handler.codec.MessageToMessageEncoder.write(Lio/netty/channel/ChannelHandlerContext;Ljava/lang/Object;Lio/netty/channel/ChannelPromise;)V+25
j  io.netty.channel.CombinedChannelDuplexHandler.write(Lio/netty/channel/ChannelHandlerContext;Ljava/lang/Object;Lio/netty/channel/ChannelPromise;)V+45
j  io.netty.channel.AbstractChannelHandlerContext.invokeWrite0(Ljava/lang/Object;Lio/netty/channel/ChannelPromise;)V+10
j  io.netty.channel.AbstractChannelHandlerContext.invokeWrite(Ljava/lang/Object;Lio/netty/channel/ChannelPromise;)V+10
j  io.netty.channel.AbstractChannelHandlerContext.write(Ljava/lang/Object;ZLio/netty/channel/ChannelPromise;)V+101
j  io.netty.channel.AbstractChannelHandlerContext.write(Ljava/lang/Object;Lio/netty/channel/ChannelPromise;)Lio/netty/channel/ChannelFuture;+4
j  io.netty.channel.CombinedChannelDuplexHandler$DelegatingChannelHandlerContext.write(Ljava/lang/Object;Lio/netty/channel/ChannelPromise;)Lio/netty/channel/ChannelFuture;+6
j  io.netty.handler.codec.MessageToMessageEncoder.write(Lio/netty/channel/ChannelHandlerContext;Ljava/lang/Object;Lio/netty/channel/ChannelPromise;)V+125
j  io.netty.channel.CombinedChannelDuplexHandler.write(Lio/netty/channel/ChannelHandlerContext;Ljava/lang/Object;Lio/netty/channel/ChannelPromise;)V+45
j  io.netty.channel.AbstractChannelHandlerContext.invokeWrite0(Ljava/lang/Object;Lio/netty/channel/ChannelPromise;)V+10
j  io.netty.channel.AbstractChannelHandlerContext.invokeWriteAndFlush(Ljava/lang/Object;Lio/netty/channel/ChannelPromise;)V+10
j  io.netty.channel.AbstractChannelHandlerContext.write(Ljava/lang/Object;ZLio/netty/channel/ChannelPromise;)V+90
j  io.netty.channel.AbstractChannelHandlerContext.writeAndFlush(Ljava/lang/Object;Lio/netty/channel/ChannelPromise;)Lio/netty/channel/ChannelFuture;+4
j  io.netty.channel.AbstractChannelHandlerContext.writeAndFlush(Ljava/lang/Object;)Lio/netty/channel/ChannelFuture;+6
j  io.netty.channel.DefaultChannelPipeline.writeAndFlush(Ljava/lang/Object;)Lio/netty/channel/ChannelFuture;+5
j  io.netty.channel.AbstractChannel.writeAndFlush(Ljava/lang/Object;)Lio/netty/channel/ChannelFuture;+5
j  org.mockserver.client.netty.NettyHttpClient$1.operationComplete(Lio/netty/channel/ChannelFuture;)V+19
j  org.mockserver.client.netty.NettyHttpClient$1.operationComplete(Lio/netty/util/concurrent/Future;)V+5
j  io.netty.util.concurrent.DefaultPromise.notifyListener0(Lio/netty/util/concurrent/Future;Lio/netty/util/concurrent/GenericFutureListener;)V+2
j  io.netty.util.concurrent.DefaultPromise.notifyListeners0(Lio/netty/util/concurrent/DefaultFutureListeners;)V+24
j  io.netty.util.concurrent.DefaultPromise.notifyListenersNow()V+58
j  io.netty.util.concurrent.DefaultPromise.notifyListeners()V+38
j  io.netty.util.concurrent.DefaultPromise.setValue0(Ljava/lang/Object;)Z+34
j  io.netty.util.concurrent.DefaultPromise.setSuccess0(Ljava/lang/Object;)Z+12
j  io.netty.util.concurrent.DefaultPromise.trySuccess(Ljava/lang/Object;)Z+2
j  io.netty.channel.DefaultChannelPromise.trySuccess()Z+2
j  io.netty.channel.nio.AbstractNioChannel$AbstractNioUnsafe.fulfillConnectPromise(Lio/netty/channel/ChannelPromise;Z)V+14
j  io.netty.channel.nio.AbstractNioChannel$AbstractNioUnsafe.finishConnect()V+51
j  io.netty.channel.nio.NioEventLoop.processSelectedKey(Ljava/nio/channels/SelectionKey;Lio/netty/channel/nio/AbstractNioChannel;)V+78
j  io.netty.channel.nio.NioEventLoop.processSelectedKeysOptimized()V+51
j  io.netty.channel.nio.NioEventLoop.processSelectedKeys()V+8
j  io.netty.channel.nio.NioEventLoop.run()V+263
j  io.netty.util.concurrent.SingleThreadEventExecutor$4.run()V+44
j  io.netty.util.internal.ThreadExecutorMap$2.run()V+11
j  io.netty.util.concurrent.FastThreadLocalRunnable.run()V+4
j  java.lang.Thread.run()V+11
v  ~StubRoutines::call_stub

---------------  P R O C E S S  ---------------

Java Threads: ( => current thread )
  0x00007fd7f6df8000 JavaThread "nioEventLoopGroup-3-1" [_thread_in_native, id=35331, stack(0x000070000f26d000,0x000070000f36d000)]
=>0x00007fd7b18ee000 JavaThread "nioEventLoopGroup-4-1" [_thread_in_vm, id=27403, stack(0x000070000f16a000,0x000070000f26a000)]
  0x00007fd8172a3000 JavaThread "nioEventLoopGroup-2-1" [_thread_in_native, id=36099, stack(0x000070000f067000,0x000070000f167000)]
  0x00007fd817b2e000 JavaThread "MockServer thread for port: 18381" [_thread_blocked, id=27139, stack(0x000070000ef64000,0x000070000f064000)]
  0x00007fd816966800 JavaThread "pool-1-thread-6" daemon [_thread_blocked, id=26627, stack(0x000070000ee61000,0x000070000ef61000)]
  0x00007fd7f6a68800 JavaThread "pool-1-thread-5" daemon [_thread_blocked, id=37123, stack(0x000070000ed5e000,0x000070000ee5e000)]
  0x00007fd8172b4800 JavaThread "pool-1-thread-4" daemon [_thread_blocked, id=37635, stack(0x000070000ec5b000,0x000070000ed5b000)]
  0x00007fd817aee000 JavaThread "pool-1-thread-3" daemon [_thread_blocked, id=26371, stack(0x000070000eb58000,0x000070000ec58000)]
  0x00007fd81823d000 JavaThread "pool-1-thread-2" daemon [_thread_blocked, id=38403, stack(0x000070000ea55000,0x000070000eb55000)]
  0x00007fd7f6a5a800 JavaThread "pool-1-thread-1" daemon [_thread_blocked, id=38915, stack(0x000070000e952000,0x000070000ea52000)]
  0x00007fd817aaa000 JavaThread "/127.0.0.1:58167 to /127.0.0.1:58166 workers Thread 3" [_thread_in_native, id=39171, stack(0x000070000e84f000,0x000070000e94f000)]
  0x00007fd817a9e000 JavaThread "/127.0.0.1:58167 to /127.0.0.1:58166 workers Thread 2" [_thread_blocked, id=39683, stack(0x000070000e74c000,0x000070000e84c000)]
  0x00007fd81724c800 JavaThread "Test worker" [_thread_blocked, id=40195, stack(0x000070000e649000,0x000070000e749000)]
  0x00007fd7f7025000 JavaThread "Service Thread" daemon [_thread_blocked, id=40707, stack(0x000070000e443000,0x000070000e543000)]
  0x00007fd816869000 JavaThread "C1 CompilerThread11" daemon [_thread_blocked, id=40963, stack(0x000070000e340000,0x000070000e440000)]
  0x00007fd7d6808800 JavaThread "C1 CompilerThread10" daemon [_thread_blocked, id=25091, stack(0x000070000e23d000,0x000070000e33d000)]
  0x00007fd817849800 JavaThread "C1 CompilerThread9" daemon [_thread_blocked, id=24579, stack(0x000070000e13a000,0x000070000e23a000)]
  0x00007fd7f701a800 JavaThread "C1 CompilerThread8" daemon [_thread_blocked, id=24067, stack(0x000070000e037000,0x000070000e137000)]
  0x00007fd817848800 JavaThread "C2 CompilerThread7" daemon [_thread_blocked, id=23811, stack(0x000070000df34000,0x000070000e034000)]
  0x00007fd7f7019800 JavaThread "C2 CompilerThread6" daemon [_thread_blocked, id=23299, stack(0x000070000de31000,0x000070000df31000)]
  0x00007fd81684f000 JavaThread "C2 CompilerThread5" daemon [_thread_blocked, id=22787, stack(0x000070000dd2e000,0x000070000de2e000)]
  0x00007fd819010800 JavaThread "C2 CompilerThread4" daemon [_thread_blocked, id=41987, stack(0x000070000dc2b000,0x000070000dd2b000)]
  0x00007fd7f7018800 JavaThread "C2 CompilerThread3" daemon [_thread_blocked, id=42243, stack(0x000070000db28000,0x000070000dc28000)]
  0x00007fd81800e000 JavaThread "C2 CompilerThread2" daemon [_thread_blocked, id=22275, stack(0x000070000da25000,0x000070000db25000)]
  0x00007fd7f700c000 JavaThread "C2 CompilerThread1" daemon [_thread_blocked, id=42755, stack(0x000070000d922000,0x000070000da22000)]
  0x00007fd7f6814800 JavaThread "C2 CompilerThread0" daemon [_thread_blocked, id=43267, stack(0x000070000d81f000,0x000070000d91f000)]
  0x00007fd816860800 JavaThread "Signal Dispatcher" daemon [_thread_blocked, id=15107, stack(0x000070000d71c000,0x000070000d81c000)]
  0x00007fd81684e000 JavaThread "Finalizer" daemon [_thread_blocked, id=17411, stack(0x000070000d513000,0x000070000d613000)]
  0x00007fd81684b000 JavaThread "Reference Handler" daemon [_thread_blocked, id=17923, stack(0x000070000d410000,0x000070000d510000)]
  0x00007fd816808800 JavaThread "main" [_thread_blocked, id=5635, stack(0x000070000c4e3000,0x000070000c5e3000)]

Other Threads:
  0x00007fd816844800 VMThread [stack: 0x000070000d30d000,0x000070000d40d000] [id=13315]
  0x00007fd7f7026000 WatcherThread [stack: 0x000070000e546000,0x000070000e646000] [id=25603]

VM state:not at safepoint (normal execution)

VM Mutex/Monitor currently owned by a thread: None

heap address: 0x00000007a0000000, size: 512 MB, Compressed Oops mode: Zero based, Oop shift amount: 3
Narrow klass base: 0x0000000000000000, Narrow klass shift: 3
Compressed class space size: 1073741824 Address: 0x00000007c0000000

Heap:
 PSYoungGen      total 153088K, used 16343K [0x00000007b5580000, 0x00000007c0000000, 0x00000007c0000000)
  eden space 131584K, 12% used [0x00000007b5580000,0x00000007b6575c60,0x00000007bd600000)
  from space 21504K, 0% used [0x00000007bd600000,0x00000007bd600000,0x00000007beb00000)
  to   space 21504K, 0% used [0x00000007beb00000,0x00000007beb00000,0x00000007c0000000)
 ParOldGen       total 340992K, used 11635K [0x00000007a0000000, 0x00000007b4d00000, 0x00000007b5580000)
  object space 340992K, 3% used [0x00000007a0000000,0x00000007a0b5ce80,0x00000007b4d00000)
 Metaspace       used 35014K, capacity 37092K, committed 37288K, reserved 1081344K
  class space    used 4820K, capacity 5214K, committed 5288K, reserved 1048576K

Card table byte_map: [0x000000010a9f7000,0x000000010aaf8000] byte_map_base: 0x0000000106cf7000

Marking Bits: (ParMarkBitMap*) 0x000000010a2f89f8
 Begin Bits: [0x000000010aba3000, 0x000000010b3a3000)
 End Bits:   [0x000000010b3a3000, 0x000000010bba3000)

Polling page: 0x000000010a5dd000

CodeCache: size=245760Kb used=11312Kb max_used=11313Kb free=234447Kb
 bounds [0x0000000115000000, 0x0000000115b20000, 0x0000000124000000]
 total_blobs=3419 nmethods=2963 adapters=366
 compilation: enabled

Compilation events (10 events):
Event: 2.281 Thread 0x00007fd817849800 nmethod 2958 0x0000000115b0ab90 code [0x0000000115b0af00, 0x0000000115b0c878]
Event: 2.282 Thread 0x00007fd7f7018800 nmethod 2955 0x0000000115b00dd0 code [0x0000000115b00f20, 0x0000000115b011b8]
Event: 2.288 Thread 0x00007fd817848800 2961       4       java.util.ArrayDeque::pollFirst (42 bytes)
Event: 2.288 Thread 0x00007fd817848800 nmethod 2961 0x0000000115b00710 code [0x0000000115b00860, 0x0000000115b00938]
Event: 2.289 Thread 0x00007fd7d6808800 2962       3       java.util.AbstractQueue::<init> (5 bytes)
Event: 2.289 Thread 0x00007fd7d6808800 nmethod 2962 0x0000000115b10710 code [0x0000000115b10880, 0x0000000115b10a90]
Event: 2.289 Thread 0x00007fd816869000 2963       3       io.netty.util.internal.shaded.org.jctools.util.Pow2::roundToPowerOfTwo (88 bytes)
Event: 2.289 Thread 0x00007fd7f701a800 2964       3       io.netty.util.internal.shaded.org.jctools.util.UnsafeRefArrayAccess::allocateRefArray (8 bytes)
Event: 2.289 Thread 0x00007fd7f701a800 nmethod 2964 0x0000000115b10350 code [0x0000000115b104c0, 0x0000000115b10670]
Event: 2.290 Thread 0x00007fd816869000 nmethod 2963 0x0000000115b0e790 code [0x0000000115b0ea40, 0x0000000115b0fba8]

GC Heap History (10 events):
Event: 1.166 GC heap before
{Heap before GC invocations=1 (full 0):
 PSYoungGen      total 153088K, used 128957K [0x00000007b5580000, 0x00000007c0000000, 0x00000007c0000000)
  eden space 131584K, 98% used [0x00000007b5580000,0x00000007bd36f708,0x00000007bd600000)
  from space 21504K, 0% used [0x00000007beb00000,0x00000007beb00000,0x00000007c0000000)
  to   space 21504K, 0% used [0x00000007bd600000,0x00000007bd600000,0x00000007beb00000)
 ParOldGen       total 349696K, used 0K [0x00000007a0000000, 0x00000007b5580000, 0x00000007b5580000)
  object space 349696K, 0% used [0x00000007a0000000,0x00000007a0000000,0x00000007b5580000)
 Metaspace       used 20202K, capacity 21268K, committed 21296K, reserved 1067008K
  class space    used 2614K, capacity 2844K, committed 2864K, reserved 1048576K
Event: 1.179 GC heap after
Heap after GC invocations=1 (full 0):
 PSYoungGen      total 153088K, used 15470K [0x00000007b5580000, 0x00000007c0000000, 0x00000007c0000000)
  eden space 131584K, 0% used [0x00000007b5580000,0x00000007b5580000,0x00000007bd600000)
  from space 21504K, 71% used [0x00000007bd600000,0x00000007be51b948,0x00000007beb00000)
  to   space 21504K, 0% used [0x00000007beb00000,0x00000007beb00000,0x00000007c0000000)
 ParOldGen       total 349696K, used 16K [0x00000007a0000000, 0x00000007b5580000, 0x00000007b5580000)
  object space 349696K, 0% used [0x00000007a0000000,0x00000007a0004000,0x00000007b5580000)
 Metaspace       used 20202K, capacity 21268K, committed 21296K, reserved 1067008K
  class space    used 2614K, capacity 2844K, committed 2864K, reserved 1048576K
}
Event: 1.179 GC heap before
{Heap before GC invocations=2 (full 1):
 PSYoungGen      total 153088K, used 15470K [0x00000007b5580000, 0x00000007c0000000, 0x00000007c0000000)
  eden space 131584K, 0% used [0x00000007b5580000,0x00000007b5580000,0x00000007bd600000)
  from space 21504K, 71% used [0x00000007bd600000,0x00000007be51b948,0x00000007beb00000)
  to   space 21504K, 0% used [0x00000007beb00000,0x00000007beb00000,0x00000007c0000000)
 ParOldGen       total 349696K, used 16K [0x00000007a0000000, 0x00000007b5580000, 0x00000007b5580000)
  object space 349696K, 0% used [0x00000007a0000000,0x00000007a0004000,0x00000007b5580000)
 Metaspace       used 20202K, capacity 21268K, committed 21296K, reserved 1067008K
  class space    used 2614K, capacity 2844K, committed 2864K, reserved 1048576K
Event: 1.198 GC heap after
Heap after GC invocations=2 (full 1):
 PSYoungGen      total 153088K, used 0K [0x00000007b5580000, 0x00000007c0000000, 0x00000007c0000000)
  eden space 131584K, 0% used [0x00000007b5580000,0x00000007b5580000,0x00000007bd600000)
  from space 21504K, 0% used [0x00000007bd600000,0x00000007bd600000,0x00000007beb00000)
  to   space 21504K, 0% used [0x00000007beb00000,0x00000007beb00000,0x00000007c0000000)
 ParOldGen       total 224256K, used 14493K [0x00000007a0000000, 0x00000007adb00000, 0x00000007b5580000)
  object space 224256K, 6% used [0x00000007a0000000,0x00000007a0e274e0,0x00000007adb00000)
 Metaspace       used 20202K, capacity 21268K, committed 21296K, reserved 1067008K
  class space    used 2614K, capacity 2844K, committed 2864K, reserved 1048576K
}
Event: 2.028 GC heap before
{Heap before GC invocations=3 (full 1):
 PSYoungGen      total 153088K, used 131584K [0x00000007b5580000, 0x00000007c0000000, 0x00000007c0000000)
  eden space 131584K, 100% used [0x00000007b5580000,0x00000007bd600000,0x00000007bd600000)
  from space 21504K, 0% used [0x00000007bd600000,0x00000007bd600000,0x00000007beb00000)
  to   space 21504K, 0% used [0x00000007beb00000,0x00000007beb00000,0x00000007c0000000)
 ParOldGen       total 224256K, used 14493K [0x00000007a0000000, 0x00000007adb00000, 0x00000007b5580000)
  object space 224256K, 6% used [0x00000007a0000000,0x00000007a0e274e0,0x00000007adb00000)
 Metaspace       used 31524K, capacity 33388K, committed 33584K, reserved 1079296K
  class space    used 4212K, capacity 4572K, committed 4656K, reserved 1048576K
Event: 2.036 GC heap after
Heap after GC invocations=3 (full 1):
 PSYoungGen      total 153088K, used 14683K [0x00000007b5580000, 0x00000007c0000000, 0x00000007c0000000)
  eden space 131584K, 0% used [0x00000007b5580000,0x00000007b5580000,0x00000007bd600000)
  from space 21504K, 68% used [0x00000007beb00000,0x00000007bf956d20,0x00000007c0000000)
  to   space 21504K, 0% used [0x00000007bd600000,0x00000007bd600000,0x00000007beb00000)
 ParOldGen       total 224256K, used 14501K [0x00000007a0000000, 0x00000007adb00000, 0x00000007b5580000)
  object space 224256K, 6% used [0x00000007a0000000,0x00000007a0e294e0,0x00000007adb00000)
 Metaspace       used 31524K, capacity 33388K, committed 33584K, reserved 1079296K
  class space    used 4212K, capacity 4572K, committed 4656K, reserved 1048576K
}
Event: 2.189 GC heap before
{Heap before GC invocations=4 (full 1):
 PSYoungGen      total 153088K, used 51483K [0x00000007b5580000, 0x00000007c0000000, 0x00000007c0000000)
  eden space 131584K, 27% used [0x00000007b5580000,0x00000007b7970058,0x00000007bd600000)
  from space 21504K, 68% used [0x00000007beb00000,0x00000007bf956d20,0x00000007c0000000)
  to   space 21504K, 0% used [0x00000007bd600000,0x00000007bd600000,0x00000007beb00000)
 ParOldGen       total 224256K, used 14501K [0x00000007a0000000, 0x00000007adb00000, 0x00000007b5580000)
  object space 224256K, 6% used [0x00000007a0000000,0x00000007a0e294e0,0x00000007adb00000)
 Metaspace       used 33441K, capacity 35372K, committed 35496K, reserved 1079296K
  class space    used 4580K, capacity 4954K, committed 5032K, reserved 1048576K
Event: 2.192 GC heap after
Heap after GC invocations=4 (full 1):
 PSYoungGen      total 153088K, used 7551K [0x00000007b5580000, 0x00000007c0000000, 0x00000007c0000000)
  eden space 131584K, 0% used [0x00000007b5580000,0x00000007b5580000,0x00000007bd600000)
  from space 21504K, 35% used [0x00000007bd600000,0x00000007bdd5ffa8,0x00000007beb00000)
  to   space 21504K, 0% used [0x00000007beb00000,0x00000007beb00000,0x00000007c0000000)
 ParOldGen       total 224256K, used 14509K [0x00000007a0000000, 0x00000007adb00000, 0x00000007b5580000)
  object space 224256K, 6% used [0x00000007a0000000,0x00000007a0e2b4e0,0x00000007adb00000)
 Metaspace       used 33441K, capacity 35372K, committed 35496K, reserved 1079296K
  class space    used 4580K, capacity 4954K, committed 5032K, reserved 1048576K
}
Event: 2.192 GC heap before
{Heap before GC invocations=5 (full 2):
 PSYoungGen      total 153088K, used 7551K [0x00000007b5580000, 0x00000007c0000000, 0x00000007c0000000)
  eden space 131584K, 0% used [0x00000007b5580000,0x00000007b5580000,0x00000007bd600000)
  from space 21504K, 35% used [0x00000007bd600000,0x00000007bdd5ffa8,0x00000007beb00000)
  to   space 21504K, 0% used [0x00000007beb00000,0x00000007beb00000,0x00000007c0000000)
 ParOldGen       total 224256K, used 14509K [0x00000007a0000000, 0x00000007adb00000, 0x00000007b5580000)
  object space 224256K, 6% used [0x00000007a0000000,0x00000007a0e2b4e0,0x00000007adb00000)
 Metaspace       used 33441K, capacity 35372K, committed 35496K, reserved 1079296K
  class space    used 4580K, capacity 4954K, committed 5032K, reserved 1048576K
Event: 2.211 GC heap after
Heap after GC invocations=5 (full 2):
 PSYoungGen      total 153088K, used 0K [0x00000007b5580000, 0x00000007c0000000, 0x00000007c0000000)
  eden space 131584K, 0% used [0x00000007b5580000,0x00000007b5580000,0x00000007bd600000)
  from space 21504K, 0% used [0x00000007bd600000,0x00000007bd600000,0x00000007beb00000)
  to   space 21504K, 0% used [0x00000007beb00000,0x00000007beb00000,0x00000007c0000000)
 ParOldGen       total 340992K, used 11635K [0x00000007a0000000, 0x00000007b4d00000, 0x00000007b5580000)
  object space 340992K, 3% used [0x00000007a0000000,0x00000007a0b5ce80,0x00000007b4d00000)
 Metaspace       used 33441K, capacity 35372K, committed 35496K, reserved 1079296K
  class space    used 4580K, capacity 4954K, committed 5032K, reserved 1048576K
}

Deoptimization events (10 events):
Event: 1.868 Thread 0x00007fd81724c800 Uncommon trap: reason=array_check action=maybe_recompile pc=0x00000001159269a8 method=java.util.AbstractCollection.toArray([Ljava/lang/Object;)[Ljava/lang/Object; @ 119
Event: 1.868 Thread 0x00007fd81724c800 Uncommon trap: reason=array_check action=maybe_recompile pc=0x00000001159269a8 method=java.util.AbstractCollection.toArray([Ljava/lang/Object;)[Ljava/lang/Object; @ 119
Event: 1.868 Thread 0x00007fd81724c800 Uncommon trap: reason=array_check action=maybe_recompile pc=0x00000001159269a8 method=java.util.AbstractCollection.toArray([Ljava/lang/Object;)[Ljava/lang/Object; @ 119
Event: 1.905 Thread 0x00007fd81724c800 Uncommon trap: reason=unstable_if action=reinterpret pc=0x000000011585bb68 method=java.lang.ThreadLocal$ThreadLocalMap.getEntry(Ljava/lang/ThreadLocal;)Ljava/lang/ThreadLocal$ThreadLocalMap$Entry; @ 29
Event: 2.002 Thread 0x00007fd81724c800 Uncommon trap: reason=unstable_if action=reinterpret pc=0x0000000115840184 method=java.util.Arrays.equals([Ljava/lang/Object;[Ljava/lang/Object;)Z @ 65
Event: 2.022 Thread 0x00007fd81724c800 Uncommon trap: reason=unstable_if action=reinterpret pc=0x00000001155a8ebc method=jdk.internal.org.objectweb.asm.Item.isEqualTo(Ljdk/internal/org/objectweb/asm/Item;)Z @ 331
Event: 2.038 Thread 0x00007fd81724c800 Uncommon trap: reason=unstable_if action=reinterpret pc=0x00000001154be7ac method=sun.misc.MetaIndex.mayContain(Ljava/lang/String;)Z @ 38
Event: 2.080 Thread 0x00007fd81724c800 Uncommon trap: reason=unstable_if action=reinterpret pc=0x00000001157710f8 method=org.springframework.util.ConcurrentReferenceHashMap$Segment.clear()V @ 7
Event: 2.088 Thread 0x00007fd81724c800 Uncommon trap: reason=unstable_if action=reinterpret pc=0x0000000115aa0b38 method=java.util.LinkedHashMap.get(Ljava/lang/Object;)Ljava/lang/Object; @ 20
Event: 2.211 Thread 0x00007fd81684b000 Uncommon trap: reason=unstable_if action=reinterpret pc=0x0000000115a658f8 method=java.lang.ref.Reference.tryHandlePending(Z)Z @ 104

Classes redefined (0 events):
No events

Internal exceptions (10 events):
Event: 2.069 Thread 0x00007fd81724c800 Exception <a 'java/lang/ClassNotFoundException': org/springframework/boot/LazyInitializationExcludeFilterCustomizer> (0x00000007b5c51020) thrown at [/private/tmp/openjdkA8-20210814-8936-1hh7kz8/jdk8u302-ga/hotspot/src/share/vm/classfile/systemDictionary.c
Event: 2.070 Thread 0x00007fd81724c800 Exception <a 'java/lang/ClassNotFoundException': java/lang/ObjectCustomizer> (0x00000007b5c65478) thrown at [/private/tmp/openjdkA8-20210814-8936-1hh7kz8/jdk8u302-ga/hotspot/src/share/vm/classfile/systemDictionary.cpp, line 217]
Event: 2.071 Thread 0x00007fd81724c800 Exception <a 'java/lang/ClassNotFoundException': org/springframework/boot/autoconfigure/task/TaskSchedulingPropertiesCustomizer> (0x00000007b5c8bf90) thrown at [/private/tmp/openjdkA8-20210814-8936-1hh7kz8/jdk8u302-ga/hotspot/src/share/vm/classfile/system
Event: 2.073 Thread 0x00007fd81724c800 Exception <a 'java/lang/ClassNotFoundException': java/lang/ObjectCustomizer> (0x00000007b5cb7e20) thrown at [/private/tmp/openjdkA8-20210814-8936-1hh7kz8/jdk8u302-ga/hotspot/src/share/vm/classfile/systemDictionary.cpp, line 217]
Event: 2.073 Thread 0x00007fd81724c800 Exception <a 'java/lang/ClassNotFoundException': org/springframework/boot/task/TaskSchedulerBuilderCustomizer> (0x00000007b5cd9270) thrown at [/private/tmp/openjdkA8-20210814-8936-1hh7kz8/jdk8u302-ga/hotspot/src/share/vm/classfile/systemDictionary.cpp, li
Event: 2.086 Thread 0x00007fd81724c800 Exception <a 'java/lang/ClassNotFoundException': java/lang/ObjectCustomizer> (0x00000007b5dc4900) thrown at [/private/tmp/openjdkA8-20210814-8936-1hh7kz8/jdk8u302-ga/hotspot/src/share/vm/classfile/systemDictionary.cpp, line 217]
Event: 2.087 Thread 0x00007fd81724c800 Exception <a 'java/lang/ClassNotFoundException': com/example/mockservertest/MockServerTestApplicationTestsCustomizer> (0x00000007b5ebda48) thrown at [/private/tmp/openjdkA8-20210814-8936-1hh7kz8/jdk8u302-ga/hotspot/src/share/vm/classfile/systemDictionary.
Event: 2.108 Thread 0x00007fd81724c800 Exception <a 'java/lang/ClassNotFoundException': java/lang/Module> (0x00000007b6518f98) thrown at [/private/tmp/openjdkA8-20210814-8936-1hh7kz8/jdk8u302-ga/hotspot/src/share/vm/classfile/systemDictionary.cpp, line 217]
Event: 2.221 Thread 0x00007fd81724c800 Exception <a 'java/lang/IncompatibleClassChangeError': Found class java.lang.Object, but interface was expected> (0x00000007b56c8068) thrown at [/private/tmp/openjdkA8-20210814-8936-1hh7kz8/jdk8u302-ga/hotspot/src/share/vm/interpreter/linkResolver.cpp, li
Event: 2.243 Thread 0x00007fd81724c800 Exception <a 'java/io/FileNotFoundException'> (0x00000007b59f2480) thrown at [/private/tmp/openjdkA8-20210814-8936-1hh7kz8/jdk8u302-ga/hotspot/src/share/vm/prims/jni.cpp, line 711]

Events (10 events):
Event: 2.291 loading class io/netty/util/Recycler$DefaultHandle
Event: 2.291 loading class io/netty/util/Recycler$DefaultHandle done
Event: 2.291 loading class io/netty/buffer/PoolChunk
Event: 2.291 loading class io/netty/buffer/PoolChunk done
Event: 2.292 loading class io/netty/buffer/PoolChunkMetric
Event: 2.292 loading class io/netty/buffer/PoolChunkMetric done
Event: 2.292 loading class io/netty/buffer/LongPriorityQueue
Event: 2.292 loading class io/netty/buffer/LongPriorityQueue done
Event: 2.292 loading class io/netty/buffer/LongLongHashMap
Event: 2.292 loading class io/netty/buffer/LongLongHashMap done


Dynamic libraries:
0x00007fff34f2a000 	/System/Library/Frameworks/Cocoa.framework/Versions/A/Cocoa
0x00007fff2226f000 	/System/Library/Frameworks/Security.framework/Versions/A/Security
0x00007fff33132000 	/System/Library/Frameworks/ApplicationServices.framework/Versions/A/ApplicationServices
0x00007fff2a4f1000 	/usr/lib/libz.1.dylib
0x00007fff2a5b9000 	/usr/lib/libSystem.B.dylib
0x00007fff20458000 	/System/Library/Frameworks/CoreFoundation.framework/Versions/A/CoreFoundation
0x00007fff21207000 	/System/Library/Frameworks/Foundation.framework/Versions/C/Foundation
0x00007fff20278000 	/usr/lib/libobjc.A.dylib
0x00007fff22ca0000 	/System/Library/Frameworks/AppKit.framework/Versions/C/AppKit
0x00007fff25b64000 	/System/Library/Frameworks/CoreData.framework/Versions/A/CoreData
0x00007fff239ec000 	/System/Library/PrivateFrameworks/UIFoundation.framework/Versions/A/UIFoundation
0x00007fff2fbec000 	/System/Library/PrivateFrameworks/RemoteViewServices.framework/Versions/A/RemoteViewServices
0x00007fff289fd000 	/System/Library/PrivateFrameworks/XCTTargetBootstrap.framework/Versions/A/XCTTargetBootstrap
0x00007fff2b6e2000 	/usr/lib/libspindump.dylib
0x00007fff23c3b000 	/System/Library/Frameworks/UniformTypeIdentifiers.framework/Versions/A/UniformTypeIdentifiers
0x00007fff27201000 	/usr/lib/libapp_launch_measurement.dylib
0x00007fff27204000 	/System/Library/PrivateFrameworks/CoreAutoLayout.framework/Versions/A/CoreAutoLayout
0x00007fff28364000 	/System/Library/Frameworks/Metal.framework/Versions/A/Metal
0x00007fff2905a000 	/usr/lib/liblangid.dylib
0x00007fff28a01000 	/System/Library/PrivateFrameworks/CoreSVG.framework/Versions/A/CoreSVG
0x00007fff24c7b000 	/System/Library/PrivateFrameworks/SkyLight.framework/Versions/A/SkyLight
0x00007fff24fe1000 	/System/Library/Frameworks/CoreGraphics.framework/Versions/A/CoreGraphics
0x00007fff30113000 	/System/Library/Frameworks/Accelerate.framework/Versions/A/Accelerate
0x00007fff2b120000 	/System/Library/PrivateFrameworks/IconServices.framework/Versions/A/IconServices
0x00007fff28348000 	/System/Library/Frameworks/IOSurface.framework/Versions/A/IOSurface
0x00007fff264ec000 	/usr/lib/libDiagnosticMessagesClient.dylib
0x00007fff289e9000 	/System/Library/PrivateFrameworks/DFRFoundation.framework/Versions/A/DFRFoundation
0x00007fff225c7000 	/usr/lib/libicucore.A.dylib
0x00007fff2cc2b000 	/System/Library/Frameworks/AudioToolbox.framework/Versions/A/AudioToolbox
0x00007fff2beb3000 	/System/Library/PrivateFrameworks/DataDetectorsCore.framework/Versions/A/DataDetectorsCore
0x00007fff24bee000 	/usr/lib/libMobileGestalt.dylib
0x00007fff286ed000 	/System/Library/Frameworks/Carbon.framework/Versions/A/Frameworks/HIToolbox.framework/Versions/A/HIToolbox
0x00007fff26c46000 	/System/Library/Frameworks/QuartzCore.framework/Versions/A/QuartzCore
0x00007fff2fc24000 	/System/Library/Frameworks/Carbon.framework/Versions/A/Frameworks/SpeechRecognition.framework/Versions/A/SpeechRecognition
0x00007fff26f66000 	/System/Library/PrivateFrameworks/CoreUI.framework/Versions/A/CoreUI
0x00007fff21bdd000 	/System/Library/Frameworks/CoreAudio.framework/Versions/A/CoreAudio
0x00007fff265d7000 	/System/Library/Frameworks/DiskArbitration.framework/Versions/A/DiskArbitration
0x00007fff2bab0000 	/System/Library/PrivateFrameworks/MultitouchSupport.framework/Versions/A/MultitouchSupport
0x00007fff2beaa000 	/System/Library/PrivateFrameworks/InternationalSupport.framework/Versions/A/InternationalSupport
0x00007fff24bed000 	/usr/lib/libenergytrace.dylib
0x00007fff22b97000 	/System/Library/Frameworks/IOKit.framework/Versions/A/IOKit
0x00007fff2ff57000 	/System/Library/Frameworks/CoreServices.framework/Versions/A/CoreServices
0x00007fff27193000 	/System/Library/PrivateFrameworks/PerformanceAnalysis.framework/Versions/A/PerformanceAnalysis
0x00007fff6bac2000 	/System/Library/Frameworks/OpenGL.framework/Versions/A/OpenGL
0x00007fff2bf2e000 	/System/Library/PrivateFrameworks/UserActivity.framework/Versions/A/UserActivity
0x00007fff2566b000 	/System/Library/Frameworks/ColorSync.framework/Versions/A/ColorSync
0x00007fff28c68000 	/System/Library/Frameworks/CoreImage.framework/Versions/A/CoreImage
0x00007fff219f7000 	/System/Library/Frameworks/CoreText.framework/Versions/A/CoreText
0x00007fff28a2b000 	/System/Library/Frameworks/ImageIO.framework/Versions/A/ImageIO
0x00007fff2a5bf000 	/System/Library/PrivateFrameworks/SoftLinking.framework/Versions/A/SoftLinking
0x00007fff2724c000 	/usr/lib/libxml2.2.dylib
0x00007fff2033e000 	/usr/lib/libc++.1.dylib
0x00007fff2a830000 	/usr/lib/libcompression.dylib
0x00007fff2bddc000 	/System/Library/PrivateFrameworks/TextureIO.framework/Versions/A/TextureIO
0x00007fff2ae5f000 	/usr/lib/libate.dylib
0x00007fff2a5b3000 	/usr/lib/system/libcache.dylib
0x00007fff2a56f000 	/usr/lib/system/libcommonCrypto.dylib
0x00007fff2a599000 	/usr/lib/system/libcompiler_rt.dylib
0x00007fff2a58e000 	/usr/lib/system/libcopyfile.dylib
0x00007fff20168000 	/usr/lib/system/libcorecrypto.dylib
0x00007fff20233000 	/usr/lib/system/libdispatch.dylib
0x00007fff203e6000 	/usr/lib/system/libdyld.dylib
0x00007fff2a5aa000 	/usr/lib/system/libkeymgr.dylib
0x00007fff2d9c2000 	/usr/lib/system/liblaunch.dylib
0x00007fff2a54d000 	/usr/lib/system/libmacho.dylib
0x00007fff29d45000 	/usr/lib/system/libquarantine.dylib
0x00007fff2a5a7000 	/usr/lib/system/libremovefile.dylib
0x00007fff24c4b000 	/usr/lib/system/libsystem_asl.dylib
0x00007fff20118000 	/usr/lib/system/libsystem_blocks.dylib
0x00007fff202b5000 	/usr/lib/system/libsystem_c.dylib
0x00007fff2a5a1000 	/usr/lib/system/libsystem_collections.dylib
0x00007fff2904b000 	/usr/lib/system/libsystem_configuration.dylib
0x00007fff28337000 	/usr/lib/system/libsystem_containermanager.dylib
0x00007fff2a2f0000 	/usr/lib/system/libsystem_coreservices.dylib
0x00007fff22827000 	/usr/lib/system/libsystem_darwin.dylib
0x00007fff2a5ab000 	/usr/lib/system/libsystem_dnssd.dylib
0x00007fff202b2000 	/usr/lib/system/libsystem_featureflags.dylib
0x00007fff2042c000 	/usr/lib/system/libsystem_info.dylib
0x00007fff2a504000 	/usr/lib/system/libsystem_m.dylib
0x00007fff20206000 	/usr/lib/system/libsystem_malloc.dylib
0x00007fff24bde000 	/usr/lib/system/libsystem_networkextension.dylib
0x00007fff22c46000 	/usr/lib/system/libsystem_notify.dylib
0x00007fff2fe59000 	/usr/lib/system/libsystem_product_info_filter.dylib
0x00007fff2904f000 	/usr/lib/system/libsystem_sandbox.dylib
0x00007fff2a5a4000 	/usr/lib/system/libsystem_secinit.dylib
0x00007fff203aa000 	/usr/lib/system/libsystem_kernel.dylib
0x00007fff20422000 	/usr/lib/system/libsystem_platform.dylib
0x00007fff203da000 	/usr/lib/system/libsystem_pthread.dylib
0x00007fff26328000 	/usr/lib/system/libsystem_symptoms.dylib
0x00007fff20150000 	/usr/lib/system/libsystem_trace.dylib
0x00007fff2a57b000 	/usr/lib/system/libunwind.dylib
0x00007fff2011a000 	/usr/lib/system/libxpc.dylib
0x00007fff20394000 	/usr/lib/libc++abi.dylib
0x00007fff2a586000 	/usr/lib/liboah.dylib
0x00007fff2ac44000 	/usr/lib/liblzma.5.dylib
0x00007fff20f1b000 	/System/Library/Frameworks/SystemConfiguration.framework/Versions/A/SystemConfiguration
0x00007fff2a5bb000 	/usr/lib/libfakelink.dylib
0x00007fff2473f000 	/System/Library/Frameworks/CFNetwork.framework/Versions/A/CFNetwork
0x00007fff2a6fb000 	/usr/lib/libarchive.2.dylib
0x00007fff20f99000 	/usr/lib/libCRFSuite.dylib
0x00007fff29d6c000 	/usr/lib/libbsm.0.dylib
0x00007fff240b8000 	/usr/lib/libnetwork.dylib
0x00007fff2a5c0000 	/usr/lib/libpcap.A.dylib
0x00007fff26321000 	/usr/lib/libdns_services.dylib
0x00007fff2ac5d000 	/usr/lib/libcoretls_cfhelpers.dylib
0x00007fff2a7fa000 	/usr/lib/libapple_nghttp2.dylib
0x00007fff2a553000 	/usr/lib/system/libkxld.dylib
0x00007fff25f9a000 	/usr/lib/libsqlite3.dylib
0x00007fff2a2d3000 	/System/Library/PrivateFrameworks/AppleFSCompression.framework/Versions/A/AppleFSCompression
0x00007fff29d54000 	/usr/lib/libcoretls.dylib
0x00007fff2a82b000 	/usr/lib/libpam.2.dylib
0x00007fff2ad5b000 	/usr/lib/libxar.1.dylib
0x00007fff29056000 	/System/Library/PrivateFrameworks/AppleSystemInfo.framework/Versions/A/AppleSystemInfo
0x00007fff29996000 	/System/Library/PrivateFrameworks/IOMobileFramebuffer.framework/Versions/A/IOMobileFramebuffer
0x00007fff2a2e3000 	/usr/lib/libbz2.1.0.dylib
0x00007fff2a5f8000 	/usr/lib/libiconv.2.dylib
0x00007fff2a54c000 	/usr/lib/libcharset.1.dylib
0x00007fff271cf000 	/System/Library/Frameworks/CoreServices.framework/Versions/A/Frameworks/FSEvents.framework/Versions/A/FSEvents
0x00007fff22831000 	/System/Library/Frameworks/CoreServices.framework/Versions/A/Frameworks/CarbonCore.framework/Versions/A/CarbonCore
0x00007fff2653c000 	/System/Library/Frameworks/CoreServices.framework/Versions/A/Frameworks/Metadata.framework/Versions/A/Metadata
0x00007fff2a2f5000 	/System/Library/Frameworks/CoreServices.framework/Versions/A/Frameworks/OSServices.framework/Versions/A/OSServices
0x00007fff2a76d000 	/System/Library/Frameworks/CoreServices.framework/Versions/A/Frameworks/SearchKit.framework/Versions/A/SearchKit
0x00007fff262ac000 	/System/Library/Frameworks/CoreServices.framework/Versions/A/Frameworks/AE.framework/Versions/A/AE
0x00007fff208f6000 	/System/Library/Frameworks/CoreServices.framework/Versions/A/Frameworks/LaunchServices.framework/Versions/A/LaunchServices
0x00007fff2abf4000 	/System/Library/Frameworks/CoreServices.framework/Versions/A/Frameworks/DictionaryServices.framework/Versions/A/DictionaryServices
0x00007fff271dc000 	/System/Library/Frameworks/CoreServices.framework/Versions/A/Frameworks/SharedFileList.framework/Versions/A/SharedFileList
0x00007fff29d48000 	/usr/lib/libCheckFix.dylib
0x00007fff24c62000 	/System/Library/PrivateFrameworks/TCC.framework/Versions/A/TCC
0x00007fff2905c000 	/System/Library/PrivateFrameworks/CoreNLP.framework/Versions/A/CoreNLP
0x00007fff264ef000 	/System/Library/PrivateFrameworks/MetadataUtilities.framework/Versions/A/MetadataUtilities
0x00007fff20fce000 	/usr/lib/libmecabra.dylib
0x00007fff2a052000 	/System/Library/Frameworks/MLCompute.framework/Versions/A/MLCompute
0x00007fff29d7d000 	/usr/lib/libmecab.dylib
0x00007fff29dc7000 	/usr/lib/libgermantok.dylib
0x00007fff2a7d5000 	/usr/lib/libThaiTokenizer.dylib
0x00007fff2ad96000 	/usr/lib/libChineseTokenizer.dylib
0x00007fff2a829000 	/System/Library/Frameworks/MetalPerformanceShaders.framework/Versions/A/MetalPerformanceShaders
0x00007fff265de000 	/System/Library/Frameworks/Accelerate.framework/Versions/A/Frameworks/vImage.framework/Versions/A/vImage
0x00007fff2ff31000 	/System/Library/Frameworks/Accelerate.framework/Versions/A/Frameworks/vecLib.framework/Versions/A/vecLib
0x00007fff2ada1000 	/System/Library/Frameworks/Accelerate.framework/Versions/A/Frameworks/vecLib.framework/Versions/A/libvMisc.dylib
0x00007fff297b1000 	/System/Library/Frameworks/Accelerate.framework/Versions/A/Frameworks/vecLib.framework/Versions/A/libvDSP.dylib
0x00007fff20c01000 	/System/Library/Frameworks/Accelerate.framework/Versions/A/Frameworks/vecLib.framework/Versions/A/libBLAS.dylib
0x00007fff2a856000 	/System/Library/Frameworks/Accelerate.framework/Versions/A/Frameworks/vecLib.framework/Versions/A/libLAPACK.dylib
0x00007fff29dcd000 	/System/Library/Frameworks/Accelerate.framework/Versions/A/Frameworks/vecLib.framework/Versions/A/libLinearAlgebra.dylib
0x00007fff2a812000 	/System/Library/Frameworks/Accelerate.framework/Versions/A/Frameworks/vecLib.framework/Versions/A/libSparseBLAS.dylib
0x00007fff2a850000 	/System/Library/Frameworks/Accelerate.framework/Versions/A/Frameworks/vecLib.framework/Versions/A/libQuadrature.dylib
0x00007fff29108000 	/System/Library/Frameworks/Accelerate.framework/Versions/A/Frameworks/vecLib.framework/Versions/A/libBNNS.dylib
0x00007fff20eac000 	/System/Library/Frameworks/Accelerate.framework/Versions/A/Frameworks/vecLib.framework/Versions/A/libSparse.dylib
0x00007fff28fe4000 	/System/Library/Frameworks/MetalPerformanceShaders.framework/Versions/A/Frameworks/MPSCore.framework/Versions/A/MPSCore
0x00007fff2a242000 	/System/Library/Frameworks/MetalPerformanceShaders.framework/Versions/A/Frameworks/MPSImage.framework/Versions/A/MPSImage
0x00007fff29de3000 	/System/Library/Frameworks/MetalPerformanceShaders.framework/Versions/A/Frameworks/MPSNeuralNetwork.framework/Versions/A/MPSNeuralNetwork
0x00007fff2a1b4000 	/System/Library/Frameworks/MetalPerformanceShaders.framework/Versions/A/Frameworks/MPSMatrix.framework/Versions/A/MPSMatrix
0x00007fff2a002000 	/System/Library/Frameworks/MetalPerformanceShaders.framework/Versions/A/Frameworks/MPSRayIntersector.framework/Versions/A/MPSRayIntersector
0x00007fff2a1eb000 	/System/Library/Frameworks/MetalPerformanceShaders.framework/Versions/A/Frameworks/MPSNDArray.framework/Versions/A/MPSNDArray
0x00007fff20b2c000 	/System/Library/PrivateFrameworks/MetalTools.framework/Versions/A/MetalTools
0x00007fff29054000 	/System/Library/PrivateFrameworks/AggregateDictionary.framework/Versions/A/AggregateDictionary
0x00007fff264bc000 	/System/Library/PrivateFrameworks/CoreAnalytics.framework/Versions/A/CoreAnalytics
0x00007fff2a7d7000 	/System/Library/PrivateFrameworks/AppleSauce.framework/Versions/A/AppleSauce
0x00007fff2835a000 	/System/Library/PrivateFrameworks/IOAccelerator.framework/Versions/A/IOAccelerator
0x00007fff6bab6000 	/System/Library/Frameworks/OpenGL.framework/Versions/A/Libraries/libCoreFSCache.dylib
0x00007fff21566000 	/System/Library/PrivateFrameworks/LanguageModeling.framework/Versions/A/LanguageModeling
0x00007fff29984000 	/System/Library/PrivateFrameworks/CoreEmoji.framework/Versions/A/CoreEmoji
0x00007fff29101000 	/System/Library/PrivateFrameworks/LinguisticData.framework/Versions/A/LinguisticData
0x00007fff20e5e000 	/System/Library/PrivateFrameworks/Lexicon.framework/Versions/A/Lexicon
0x00007fff2a6e9000 	/usr/lib/libcmph.dylib
0x00007fff271af000 	/System/Library/Frameworks/OpenDirectory.framework/Versions/A/Frameworks/CFOpenDirectory.framework/Versions/A/CFOpenDirectory
0x00007fff2719f000 	/System/Library/Frameworks/OpenDirectory.framework/Versions/A/OpenDirectory
0x00007fff2ac5f000 	/System/Library/PrivateFrameworks/APFS.framework/Versions/A/APFS
0x00007fff29caa000 	/System/Library/Frameworks/SecurityFoundation.framework/Versions/A/SecurityFoundation
0x00007fff2ad69000 	/usr/lib/libutil.dylib
0x00007fff22b5c000 	/System/Library/PrivateFrameworks/CoreServicesStore.framework/Versions/A/CoreServicesStore
0x00007fff29d40000 	/System/Library/Frameworks/ServiceManagement.framework/Versions/A/ServiceManagement
0x00007fff2ad6d000 	/usr/lib/libxslt.1.dylib
0x00007fff29d36000 	/System/Library/PrivateFrameworks/BackgroundTaskManagement.framework/Versions/A/BackgroundTaskManagement
0x00007fff2bd26000 	/System/Library/Frameworks/ImageIO.framework/Versions/A/Resources/libRadiance.dylib
0x00007fff2bd30000 	/System/Library/Frameworks/ImageIO.framework/Versions/A/Resources/libJPEG.dylib
0x00007fff2bc7a000 	/System/Library/Frameworks/ImageIO.framework/Versions/A/Resources/libPng.dylib
0x00007fff2bca1000 	/System/Library/Frameworks/ImageIO.framework/Versions/A/Resources/libTIFF.dylib
0x00007fff2bd85000 	/System/Library/Frameworks/ImageIO.framework/Versions/A/Resources/libGIF.dylib
0x00007fff2b9cc000 	/System/Library/Frameworks/ImageIO.framework/Versions/A/Resources/libJP2.dylib
0x00007fff2b0e8000 	/usr/lib/libexpat.1.dylib
0x00007fff2b982000 	/System/Library/PrivateFrameworks/AppleJPEG.framework/Versions/A/AppleJPEG
0x00007fff28590000 	/System/Library/PrivateFrameworks/FontServices.framework/libFontParser.dylib
0x00007fff26263000 	/System/Library/PrivateFrameworks/RunningBoardServices.framework/Versions/A/RunningBoardServices
0x00007fff2baac000 	/System/Library/PrivateFrameworks/WatchdogClient.framework/Versions/A/WatchdogClient
0x00007fff2164f000 	/System/Library/Frameworks/CoreDisplay.framework/Versions/A/CoreDisplay
0x00007fff284a5000 	/System/Library/Frameworks/CoreMedia.framework/Versions/A/CoreMedia
0x00007fff2732f000 	/System/Library/Frameworks/CoreVideo.framework/Versions/A/CoreVideo
0x00007fff2bae7000 	/System/Library/Frameworks/VideoToolbox.framework/Versions/A/VideoToolbox
0x00007fff261e3000 	/System/Library/PrivateFrameworks/BaseBoard.framework/Versions/A/BaseBoard
0x00007fff2b22c000 	/System/Library/PrivateFrameworks/PersistentConnection.framework/Versions/A/PersistentConnection
0x00007fff25f84000 	/System/Library/PrivateFrameworks/ProtocolBuffer.framework/Versions/A/ProtocolBuffer
0x00007fff261cb000 	/System/Library/PrivateFrameworks/CommonUtilities.framework/Versions/A/CommonUtilities
0x00007fff2b945000 	/System/Library/PrivateFrameworks/Bom.framework/Versions/A/Bom
0x00007fff2bd1e000 	/System/Library/PrivateFrameworks/GPUWrangler.framework/Versions/A/GPUWrangler
0x00007fff2bd01000 	/System/Library/PrivateFrameworks/IOPresentment.framework/Versions/A/IOPresentment
0x00007fff2bd2a000 	/System/Library/PrivateFrameworks/DSExternalDisplay.framework/Versions/A/DSExternalDisplay
0x00007fff2bd8a000 	/System/Library/PrivateFrameworks/CMCaptureCore.framework/Versions/A/CMCaptureCore
0x00007fff2b6c8000 	/System/Library/PrivateFrameworks/AppServerSupport.framework/Versions/A/AppServerSupport
0x00007fff2d765000 	/System/Library/PrivateFrameworks/perfdata.framework/Versions/A/perfdata
0x00007fff29c99000 	/System/Library/PrivateFrameworks/AssertionServices.framework/Versions/A/AssertionServices
0x00007fff21786000 	/System/Library/PrivateFrameworks/AudioToolboxCore.framework/Versions/A/AudioToolboxCore
0x00007fff28488000 	/System/Library/PrivateFrameworks/caulk.framework/Versions/A/caulk
0x00007fff3cc11000 	/System/Library/PrivateFrameworks/SystemPolicy.framework/Versions/A/SystemPolicy
0x00007fff2aef7000 	/usr/lib/libIOReport.dylib
0x00007fff2cfa1000 	/usr/lib/libSMC.dylib
0x00007fff2bc46000 	/usr/lib/libAudioToolboxUtility.dylib
0x00007fff3d56e000 	/usr/lib/libmis.dylib
0x00007fff6bb12000 	/System/Library/Frameworks/OpenGL.framework/Versions/A/Libraries/libGLU.dylib
0x00007fff6bad5000 	/System/Library/Frameworks/OpenGL.framework/Versions/A/Libraries/libGFXShared.dylib
0x00007fff6bce3000 	/System/Library/Frameworks/OpenGL.framework/Versions/A/Libraries/libGL.dylib
0x00007fff6bade000 	/System/Library/Frameworks/OpenGL.framework/Versions/A/Libraries/libGLImage.dylib
0x00007fff6bad2000 	/System/Library/Frameworks/OpenGL.framework/Versions/A/Libraries/libCVMSPluginSupport.dylib
0x00007fff6babd000 	/System/Library/Frameworks/OpenGL.framework/Versions/A/Libraries/libCoreVMClient.dylib
0x00007fff6d12d000 	/System/Library/Frameworks/OpenCL.framework/Versions/A/OpenCL
0x00007fff2b255000 	/System/Library/PrivateFrameworks/GraphVisualizer.framework/Versions/A/GraphVisualizer
0x00007fff2b264000 	/System/Library/PrivateFrameworks/FaceCore.framework/Versions/A/FaceCore
0x00007fff2b680000 	/System/Library/PrivateFrameworks/OTSVG.framework/Versions/A/OTSVG
0x00007fff26f24000 	/System/Library/Frameworks/ApplicationServices.framework/Versions/A/Frameworks/ATS.framework/Versions/A/Resources/libFontRegistry.dylib
0x00007fff2b6cf000 	/System/Library/PrivateFrameworks/FontServices.framework/libhvf.dylib
0x00007fff2b094000 	/System/Library/PrivateFrameworks/AppleVA.framework/Versions/A/AppleVA
0x00007fff2cde9000 	/System/Library/Frameworks/ApplicationServices.framework/Versions/A/Frameworks/ATS.framework/Versions/A/ATS
0x00007fff2d0fc000 	/System/Library/Frameworks/ApplicationServices.framework/Versions/A/Frameworks/ColorSyncLegacy.framework/Versions/A/ColorSyncLegacy
0x00007fff25762000 	/System/Library/Frameworks/ApplicationServices.framework/Versions/A/Frameworks/HIServices.framework/Versions/A/HIServices
0x00007fff2d0e1000 	/System/Library/Frameworks/ApplicationServices.framework/Versions/A/Frameworks/LangAnalysis.framework/Versions/A/LangAnalysis
0x00007fff2bd94000 	/System/Library/Frameworks/ApplicationServices.framework/Versions/A/Frameworks/PrintCore.framework/Versions/A/PrintCore
0x00007fff2d104000 	/System/Library/Frameworks/ApplicationServices.framework/Versions/A/Frameworks/QD.framework/Versions/A/QD
0x00007fff2cdd9000 	/System/Library/Frameworks/ApplicationServices.framework/Versions/A/Frameworks/SpeechSynthesis.framework/Versions/A/SpeechSynthesis
0x00007fff2bd55000 	/System/Library/Frameworks/ApplicationServices.framework/Versions/A/Frameworks/ATSUI.framework/Versions/A/ATSUI
0x00007fff2d081000 	/usr/lib/libcups.2.dylib
0x00007fff2d0f1000 	/System/Library/PrivateFrameworks/NetAuth.framework/Versions/A/NetAuth
0x00007fff2d780000 	/System/Library/Frameworks/Kerberos.framework/Versions/A/Kerberos
0x00007fff2d790000 	/System/Library/Frameworks/GSS.framework/Versions/A/GSS
0x00007fff2ce56000 	/usr/lib/libresolv.9.dylib
0x00007fff2b6e5000 	/System/Library/PrivateFrameworks/Heimdal.framework/Versions/A/Heimdal
0x00007fff33447000 	/System/Library/Frameworks/Kerberos.framework/Versions/A/Libraries/libHeimdalProxy.dylib
0x00007fff26330000 	/System/Library/Frameworks/Network.framework/Versions/A/Network
0x00007fff2b101000 	/usr/lib/libheimdal-asn1.dylib
0x00007fff2d7e1000 	/System/Library/PrivateFrameworks/CommonAuth.framework/Versions/A/CommonAuth
0x00007fff2737d000 	/System/Library/PrivateFrameworks/login.framework/Versions/A/Frameworks/loginsupport.framework/Versions/A/loginsupport
0x00007fff2cd60000 	/System/Library/PrivateFrameworks/AudioSession.framework/Versions/A/AudioSession
0x00007fff2cdc6000 	/usr/lib/libAudioStatistics.dylib
0x00007fff2b18d000 	/System/Library/PrivateFrameworks/MediaExperience.framework/Versions/A/MediaExperience
0x00007fff2cbf9000 	/System/Library/PrivateFrameworks/AudioSession.framework/libSessionUtility.dylib
0x00007fff2d771000 	/usr/lib/libperfcheck.dylib
0x00007fff2d110000 	/System/Library/PrivateFrameworks/AudioResourceArbitration.framework/Versions/A/AudioResourceArbitration
0x00007fff2b10b000 	/System/Library/PrivateFrameworks/IconFoundation.framework/Versions/A/IconFoundation
0x00007fff2fc14000 	/System/Library/PrivateFrameworks/SpeechRecognitionCore.framework/Versions/A/SpeechRecognitionCore
0x0000000109c1d000 	/usr/local/Cellar/openjdk@8/1.8.0+302/libexec/openjdk.jdk/Contents/Home/jre/lib/server/libjvm.dylib
0x000000010a599000 	/usr/local/Cellar/openjdk@8/1.8.0+302/libexec/openjdk.jdk/Contents/Home/jre/lib/libverify.dylib
0x000000010a5ad000 	/usr/local/Cellar/openjdk@8/1.8.0+302/libexec/openjdk.jdk/Contents/Home/jre/lib/libjava.dylib
0x000000010a627000 	/usr/local/Cellar/openjdk@8/1.8.0+302/libexec/openjdk.jdk/Contents/Home/jre/lib/libzip.dylib
0x000000010c69b000 	/usr/local/Cellar/openjdk@8/1.8.0+302/libexec/openjdk.jdk/Contents/Home/jre/lib/libnio.dylib
0x000000010c6b3000 	/usr/local/Cellar/openjdk@8/1.8.0+302/libexec/openjdk.jdk/Contents/Home/jre/lib/libnet.dylib
0x000000010ce11000 	/usr/local/Cellar/openjdk@8/1.8.0+302/libexec/openjdk.jdk/Contents/Home/jre/lib/libmanagement.dylib

VM Arguments:
jvm_args: -Djava.security.manager=worker.org.gradle.process.internal.worker.child.BootstrapSecurityManager -Dorg.gradle.internal.worker.tmpdir=/Users/janne.murtonen/Dev/Experimental/mock-server-test/build/tmp/test/work -Dorg.gradle.native=false -Xmx512m -Dfile.encoding=UTF-8 -Duser.country=FI -Duser.language=en -Duser.variant -ea 
java_command: worker.org.gradle.process.internal.worker.GradleWorkerMain 'Gradle Test Executor 40'
java_class_path (initial): /Users/janne.murtonen/.gradle/caches/7.1.1/workerMain/gradle-worker.jar
Launcher Type: SUN_STANDARD

Environment Variables:
PATH=.:/usr/local/opt/node@12/bin:/usr/local/bin:/usr/bin:/bin:/usr/sbin:/sbin:~/bin
SHELL=/bin/zsh

Signal Handlers:
SIGSEGV: [libjvm.dylib+0x568da7], sa_mask[0]=11111111011111110111111111111111, sa_flags=SA_ONSTACK|SA_RESTART|SA_SIGINFO
SIGBUS: [libjvm.dylib+0x568da7], sa_mask[0]=11111111011111110111111111111111, sa_flags=SA_RESTART|SA_SIGINFO
SIGFPE: [libjvm.dylib+0x468e63], sa_mask[0]=11111111011111110111111111111111, sa_flags=SA_RESTART|SA_SIGINFO
SIGPIPE: [libjvm.dylib+0x468e63], sa_mask[0]=11111111011111110111111111111111, sa_flags=SA_RESTART|SA_SIGINFO
SIGXFSZ: [libjvm.dylib+0x468e63], sa_mask[0]=11111111011111110111111111111111, sa_flags=SA_RESTART|SA_SIGINFO
SIGILL: [libjvm.dylib+0x468e63], sa_mask[0]=11111111011111110111111111111111, sa_flags=SA_RESTART|SA_SIGINFO
SIGUSR1: SIG_DFL, sa_mask[0]=00000000000000000000000000000000, sa_flags=none
SIGUSR2: [libjvm.dylib+0x469742], sa_mask[0]=00100000000000000000000000000000, sa_flags=SA_RESTART|SA_SIGINFO
SIGHUP: [libjvm.dylib+0x46795f], sa_mask[0]=11111111011111110111111111111111, sa_flags=SA_RESTART|SA_SIGINFO
SIGINT: [libjvm.dylib+0x46795f], sa_mask[0]=11111111011111110111111111111111, sa_flags=SA_RESTART|SA_SIGINFO
SIGTERM: [libjvm.dylib+0x46795f], sa_mask[0]=11111111011111110111111111111111, sa_flags=SA_RESTART|SA_SIGINFO
SIGQUIT: [libjvm.dylib+0x46795f], sa_mask[0]=11111111011111110111111111111111, sa_flags=SA_RESTART|SA_SIGINFO


---------------  S Y S T E M  ---------------

OS:Bsduname:Darwin 20.6.0 Darwin Kernel Version 20.6.0: Wed Jun 23 00:26:31 PDT 2021; root:xnu-7195.141.2~5/RELEASE_X86_64 x86_64
rlimit: STACK 8192k, CORE 0k, NPROC 5568, NOFILE 10240, AS infinity
load average:3.61 3.45 2.92

CPU:total 16 (initial active 16) (8 cores per cpu, 2 threads per core) family 6 model 158 stepping 13, cmov, cx8, fxsr, mmx, sse, sse2, sse3, ssse3, sse4.1, sse4.2, popcnt, avx, avx2, aes, clmul, erms, 3dnowpref, lzcnt, ht, tsc, tscinvbit, bmi1, bmi2, adx

Memory: 4k page, physical 33554432k(33732k free)

/proc/meminfo:


vm_info: OpenJDK 64-Bit Server VM (25.302-b00) for bsd-amd64 JRE (1.8.0_302-bre_2021_08_14_21_34-b00), built on Aug 14 2021 21:39:45 by "brew" with gcc Apple LLVM 12.0.5 (clang-1205.0.22.9)

time: Mon Sep 13 13:07:35 2021
timezone: EEST
elapsed time: 2.301739 seconds (0d 0h 0m 2s)

